Run: exp6-ee-delta
Log dir: runs/exp6-ee-delta
Total steps: 300,000  n_envs: 4  force_mag: 5.0  survival_bonus: 0.0
[   10000] ep_len=  22.4 ep_rew=  -14.18 fps=   26
[   20000] ep_len=  22.1 ep_rew=  -14.10 fps=   26
Eval num_timesteps=25000, episode_reward=-13.53 +/- 0.35
Episode length: 22.40 +/- 1.62
New best mean reward!
[   30000] ep_len=  22.6 ep_rew=  -14.15 fps=   25
[   40000] ep_len=  22.7 ep_rew=  -14.08 fps=   25
Eval num_timesteps=50000, episode_reward=-13.35 +/- 0.24
Episode length: 22.00 +/- 2.37
New best mean reward!
[   50000] ep_len=  22.4 ep_rew=  -13.88 fps=   26
[   60000] ep_len=  23.0 ep_rew=  -14.00 fps=   26
[   70000] ep_len=  23.3 ep_rew=  -13.97 fps=   26
Eval num_timesteps=75000, episode_reward=-13.77 +/- 0.14
Episode length: 23.80 +/- 1.17
[   80000] ep_len=  24.0 ep_rew=  -14.00 fps=   27
[   90000] ep_len=  23.9 ep_rew=  -13.97 fps=   27
Eval num_timesteps=100000, episode_reward=-13.22 +/- 0.19
Episode length: 21.60 +/- 0.49
New best mean reward!
[  100000] ep_len=  23.8 ep_rew=  -13.89 fps=   27
[  110000] ep_len=  24.3 ep_rew=  -13.89 fps=   27
[  120000] ep_len=  24.5 ep_rew=  -13.95 fps=   27
Eval num_timesteps=125000, episode_reward=-13.61 +/- 0.17
Episode length: 23.20 +/- 0.75
[  130000] ep_len=  24.8 ep_rew=  -13.85 fps=   28
[  140000] ep_len=  24.9 ep_rew=  -13.88 fps=   28
Eval num_timesteps=150000, episode_reward=-13.32 +/- 0.22
Episode length: 22.60 +/- 1.20
[  150000] ep_len=  25.0 ep_rew=  -13.82 fps=   28
[  160000] ep_len=  25.2 ep_rew=  -13.82 fps=   28
[  170000] ep_len=  25.3 ep_rew=  -13.87 fps=   28
Eval num_timesteps=175000, episode_reward=-13.41 +/- 0.21
Episode length: 23.00 +/- 1.26
[  180000] ep_len=  26.1 ep_rew=  -13.89 fps=   28
[  190000] ep_len=  26.4 ep_rew=  -13.93 fps=   28
Eval num_timesteps=200000, episode_reward=-13.35 +/- 0.27
Episode length: 25.20 +/- 1.47
[  200000] ep_len=  26.9 ep_rew=  -13.89 fps=   28
[  210000] ep_len=  28.5 ep_rew=  -13.98 fps=   29
[  220000] ep_len=  28.4 ep_rew=  -13.92 fps=   29
Eval num_timesteps=225000, episode_reward=-13.46 +/- 0.23
Episode length: 27.20 +/- 1.17
[  230000] ep_len=  30.1 ep_rew=  -14.02 fps=   29
[  240000] ep_len=  31.9 ep_rew=  -14.08 fps=   29
Eval num_timesteps=250000, episode_reward=-13.41 +/- 0.16
Episode length: 29.00 +/- 0.63
[  250000] ep_len=  34.3 ep_rew=  -14.28 fps=   30
[  260000] ep_len=  37.4 ep_rew=  -14.41 fps=   30
[  270000] ep_len=  41.9 ep_rew=  -14.87 fps=   31
Eval num_timesteps=275000, episode_reward=-13.48 +/- 0.19
Episode length: 32.20 +/- 0.98
[  280000] ep_len=  45.6 ep_rew=  -15.08 fps=   31
[  290000] ep_len=  53.4 ep_rew=  -16.17 fps=   31
Eval num_timesteps=300000, episode_reward=-13.43 +/- 0.20
Episode length: 37.20 +/- 1.17
[  300000] ep_len=  59.8 ep_rew=  -16.77 fps=   32

Final model saved to runs/exp6-ee-delta/final.zip
Total wall time: 9250.1s
