Run: exp1-n512-300k
Log dir: runs/exp1-n512-300k
Total steps: 300,000  n_envs: 4  force_mag: 5.0
[   10000] ep_len=  23.1 ep_rew=  -14.51 fps=   30
[   20000] ep_len=  22.4 ep_rew=  -14.24 fps=   29
Eval num_timesteps=25000, episode_reward=-13.22 +/- 0.23
Episode length: 19.40 +/- 0.80
New best mean reward!
[   30000] ep_len=  21.0 ep_rew=  -13.80 fps=   28
[   40000] ep_len=  20.5 ep_rew=  -13.56 fps=   28
Eval num_timesteps=50000, episode_reward=-12.23 +/- 0.23
Episode length: 16.80 +/- 0.40
New best mean reward!
[   50000] ep_len=  19.5 ep_rew=  -13.23 fps=   27
[   60000] ep_len=  19.2 ep_rew=  -12.96 fps=   27
[   70000] ep_len=  19.4 ep_rew=  -12.87 fps=   27
Eval num_timesteps=75000, episode_reward=-11.96 +/- 0.22
Episode length: 16.00 +/- 0.00
New best mean reward!
[   80000] ep_len=  19.6 ep_rew=  -12.81 fps=   26
[   90000] ep_len=  19.6 ep_rew=  -12.64 fps=   26
Eval num_timesteps=100000, episode_reward=-11.92 +/- 0.13
Episode length: 17.00 +/- 0.00
New best mean reward!
[  100000] ep_len=  19.7 ep_rew=  -12.56 fps=   26
[  110000] ep_len=  20.2 ep_rew=  -12.49 fps=   26
[  120000] ep_len=  20.6 ep_rew=  -12.41 fps=   26
Eval num_timesteps=125000, episode_reward=-11.78 +/- 0.19
Episode length: 17.60 +/- 0.49
New best mean reward!
[  130000] ep_len=  20.5 ep_rew=  -12.35 fps=   26
[  140000] ep_len=  21.0 ep_rew=  -12.34 fps=   26
Eval num_timesteps=150000, episode_reward=-11.81 +/- 0.29
Episode length: 17.60 +/- 0.49
[  150000] ep_len=  20.9 ep_rew=  -12.27 fps=   26
[  160000] ep_len=  21.1 ep_rew=  -12.22 fps=   26
[  170000] ep_len=  21.4 ep_rew=  -12.20 fps=   26
Eval num_timesteps=175000, episode_reward=-11.76 +/- 0.27
Episode length: 18.60 +/- 0.49
New best mean reward!
[  180000] ep_len=  21.9 ep_rew=  -12.15 fps=   26
[  190000] ep_len=  22.5 ep_rew=  -12.23 fps=   26
Eval num_timesteps=200000, episode_reward=-11.58 +/- 0.08
Episode length: 19.00 +/- 0.00
New best mean reward!
[  200000] ep_len=  22.9 ep_rew=  -12.19 fps=   26
[  210000] ep_len=  23.4 ep_rew=  -12.24 fps=   26
[  220000] ep_len=  24.1 ep_rew=  -12.16 fps=   26
Eval num_timesteps=225000, episode_reward=-11.92 +/- 0.16
Episode length: 20.80 +/- 0.40
[  230000] ep_len=  24.9 ep_rew=  -12.32 fps=   27
[  240000] ep_len=  25.3 ep_rew=  -12.29 fps=   27
Eval num_timesteps=250000, episode_reward=-11.98 +/- 0.06
Episode length: 22.00 +/- 0.00
[  250000] ep_len=  26.0 ep_rew=  -12.30 fps=   27
[  260000] ep_len=  27.0 ep_rew=  -12.37 fps=   27
[  270000] ep_len=  27.3 ep_rew=  -12.28 fps=   27
Eval num_timesteps=275000, episode_reward=-11.55 +/- 0.04
Episode length: 22.00 +/- 0.00
New best mean reward!
[  280000] ep_len=  27.9 ep_rew=  -12.27 fps=   27
[  290000] ep_len=  29.1 ep_rew=  -12.42 fps=   28
Eval num_timesteps=300000, episode_reward=-11.66 +/- 0.22
Episode length: 24.80 +/- 0.40
[  300000] ep_len=  30.8 ep_rew=  -12.60 fps=   28

Final model saved to runs/exp1-n512-300k/final.zip
Total wall time: 10638.1s
